{
  "stats": {
    "suites": 0,
    "tests": 1,
    "passes": 1,
    "pending": 0,
    "failures": 0,
    "start": "2022-02-23T17:31:04.490Z",
    "end": "2022-02-23T17:31:07.993Z",
    "duration": 3503,
    "testsRegistered": 1,
    "passPercent": 100,
    "pendingPercent": 0,
    "other": 0,
    "hasOther": false,
    "skipped": 0,
    "hasSkipped": false
  },
  "results": [
    {
      "uuid": "49520da8-cf06-4f1c-8dd0-4d506f688d24",
      "title": "",
      "fullFile": "cypress/integration/assertions.ts",
      "file": "cypress/integration/assertions.ts",
      "beforeHooks": [],
      "afterHooks": [],
      "tests": [
        {
          "title": "learning assertions",
          "fullTitle": "learning assertions",
          "timedOut": null,
          "duration": 1548,
          "state": "passed",
          "speed": "fast",
          "pass": true,
          "fail": false,
          "pending": false,
          "context": null,
          "code": "cy.visit('https://example.cypress.io/');\ncy.contains('get').click();\ncy.get('#query-btn')\n    .should('contain', 'Button')\n    .should('have.class', 'query-btn')\n    .should('be.visible')\n    .should('be.enabled');\ncy.get('#query-btn').invoke('attr', 'id')\n    .should('equal', 'query-btn');\ncy.get('#query-btn')\n    .should('contain', 'Button')\n    .and('have.class', 'query-btn');\n// Explicit assertions\n// expect\nexpect(true).to.be.true;\nlet name = \"Raghav\";\nexpect(name).to.be.equal('Raghav');\n// assert\n// assert.equal(4, 4, 'Not Equal')\n// assert.strictEqual(4, '4', 'Not Strickly Equal')",
          "err": {},
          "uuid": "d94c9d8c-5219-4bac-bb9f-c74eee769039",
          "parentUUID": "49520da8-cf06-4f1c-8dd0-4d506f688d24",
          "isHook": false,
          "skipped": false
        }
      ],
      "suites": [],
      "passes": [
        "d94c9d8c-5219-4bac-bb9f-c74eee769039"
      ],
      "failures": [],
      "pending": [],
      "skipped": [],
      "duration": 1548,
      "root": true,
      "rootEmpty": false,
      "_timeout": 2000
    }
  ],
  "meta": {
    "mocha": {
      "version": "7.0.1"
    },
    "mochawesome": {
      "options": {
        "quiet": false,
        "reportFilename": "mochawesome",
        "saveHtml": false,
        "saveJson": true,
        "consoleReporter": "spec",
        "useInlineDiffs": false,
        "code": true
      },
      "version": "7.0.1"
    },
    "marge": {
      "options": {
        "charts": true,
        "overwrite": false,
        "html": false,
        "json": true,
        "reportDir": "cypress/reports"
      },
      "version": "6.0.1"
    }
  }
}